Nov 14, 2020 5:20:46 PM org.apache.fop.events.LoggingEventListener processEvent
WARNING: Font "Malgun Gothic,normal,700" not found. Substituting with "Malgun Gothic,normal,400".
Nov 14, 2020 5:20:46 PM org.apache.fop.events.LoggingEventListener processEvent
WARNING: Font "Symbol,normal,700" not found. Substituting with "Symbol,normal,400".
Nov 14, 2020 5:20:46 PM org.apache.fop.events.LoggingEventListener processEvent
WARNING: Font "ZapfDingbats,normal,700" not found. Substituting with "ZapfDingbats,normal,400".
Nov 14, 2020 5:20:46 PM org.apache.fop.events.LoggingEventListener processEvent
INFO: Rendered page #1.
Nov 14, 2020 5:20:47 PM org.apache.fop.events.LoggingEventListener processEvent
WARNING: Font "Malgun Gothic,italic,400" not found. Substituting with "Malgun Gothic,normal,400".
Nov 14, 2020 5:20:47 PM org.apache.fop.events.LoggingEventListener processEvent
WARNING: Font "Symbol,italic,400" not found. Substituting with "Symbol,normal,400".
Nov 14, 2020 5:20:47 PM org.apache.fop.events.LoggingEventListener processEvent
WARNING: Font "ZapfDingbats,italic,400" not found. Substituting with "ZapfDingbats,normal,400".
Nov 14, 2020 5:20:47 PM org.apache.fop.events.LoggingEventListener processEvent
WARNING: Font "Malgun Gothic,italic,700" not found. Substituting with "Malgun Gothic,normal,400".
Nov 14, 2020 5:20:47 PM org.apache.fop.events.LoggingEventListener processEvent
INFO: Rendered page #2.
Nov 14, 2020 5:20:47 PM org.apache.fop.events.LoggingEventListener processEvent
INFO: Rendered page #3.
Nov 14, 2020 5:20:47 PM org.apache.fop.events.LoggingEventListener processEvent
INFO: Rendered page #4.
Nov 14, 2020 5:20:47 PM org.apache.fop.events.LoggingEventListener processEvent
INFO: Rendered page #5.
Nov 14, 2020 5:20:47 PM org.apache.fop.events.LoggingEventListener processEvent
INFO: Rendered page #6.
Nov 14, 2020 5:20:47 PM org.apache.fop.events.LoggingEventListener processEvent
INFO: Rendered page #7.
Nov 14, 2020 5:20:47 PM org.apache.fop.events.LoggingEventListener processEvent
INFO: Rendered page #8.
Nov 14, 2020 5:20:47 PM org.apache.fop.events.LoggingEventListener processEvent
INFO: Rendered page #9.
Nov 14, 2020 5:20:47 PM org.apache.fop.events.LoggingEventListener processEvent
INFO: Rendered page #10.
Nov 14, 2020 5:20:47 PM org.apache.fop.events.LoggingEventListener processEvent
INFO: Rendered page #11.
Nov 14, 2020 5:20:47 PM org.apache.fop.events.LoggingEventListener processEvent
INFO: Rendered page #12.
Nov 14, 2020 5:20:47 PM org.apache.fop.events.LoggingEventListener processEvent
INFO: Rendered page #13.
Nov 14, 2020 5:20:47 PM org.apache.fop.events.LoggingEventListener processEvent
INFO: Rendered page #14.
Nov 14, 2020 5:20:47 PM org.apache.fop.events.LoggingEventListener processEvent
INFO: Rendered page #15.
Nov 14, 2020 5:20:47 PM org.apache.fop.events.LoggingEventListener processEvent
INFO: Rendered page #16.
Nov 14, 2020 5:20:47 PM org.apache.fop.events.LoggingEventListener processEvent
INFO: Rendered page #17.
Nov 14, 2020 5:20:47 PM org.apache.fop.events.LoggingEventListener processEvent
INFO: Rendered page #18.
Nov 14, 2020 5:20:47 PM org.apache.fop.events.LoggingEventListener processEvent
INFO: Rendered page #19.
Nov 14, 2020 5:20:47 PM org.apache.fop.events.LoggingEventListener processEvent
INFO: Rendered page #20.
Nov 14, 2020 5:20:48 PM org.apache.fop.events.LoggingEventListener processEvent
INFO: Rendered page #21.
Nov 14, 2020 5:20:48 PM org.apache.fop.events.LoggingEventListener processEvent
INFO: Rendered page #22.
Nov 14, 2020 5:20:48 PM org.apache.fop.events.LoggingEventListener processEvent
INFO: Rendered page #23.
Nov 14, 2020 5:20:48 PM org.apache.fop.events.LoggingEventListener processEvent
INFO: Rendered page #24.
Nov 14, 2020 5:20:48 PM org.apache.fop.events.LoggingEventListener processEvent
INFO: Rendered page #25.
Nov 14, 2020 5:20:48 PM org.apache.fop.events.LoggingEventListener processEvent
INFO: Rendered page #26.
Nov 14, 2020 5:20:48 PM org.apache.fop.events.LoggingEventListener processEvent
INFO: Rendered page #27.
Nov 14, 2020 5:20:48 PM org.apache.fop.events.LoggingEventListener processEvent
INFO: Rendered page #28.
Nov 14, 2020 5:20:48 PM org.apache.fop.events.LoggingEventListener processEvent
INFO: Rendered page #29.
Nov 14, 2020 5:20:48 PM org.apache.fop.events.LoggingEventListener processEvent
INFO: Rendered page #30.
Nov 14, 2020 5:20:48 PM org.apache.fop.events.LoggingEventListener processEvent
INFO: Rendered page #31.
Nov 14, 2020 5:20:48 PM org.apache.fop.events.LoggingEventListener processEvent
INFO: Rendered page #32.
Nov 14, 2020 5:20:48 PM org.apache.fop.events.LoggingEventListener processEvent
INFO: Rendered page #33.
Nov 14, 2020 5:20:48 PM org.apache.fop.events.LoggingEventListener processEvent
INFO: Rendered page #34.
Nov 14, 2020 5:20:48 PM org.apache.fop.events.LoggingEventListener processEvent
INFO: Rendered page #35.
Nov 14, 2020 5:20:48 PM org.apache.fop.events.LoggingEventListener processEvent
INFO: Rendered page #36.
Nov 14, 2020 5:20:48 PM org.apache.fop.events.LoggingEventListener processEvent
INFO: Rendered page #37.
Nov 14, 2020 5:20:48 PM org.apache.fop.events.LoggingEventListener processEvent
INFO: Rendered page #38.
Nov 14, 2020 5:20:48 PM org.apache.fop.events.LoggingEventListener processEvent
INFO: Rendered page #39.
Nov 14, 2020 5:20:48 PM org.apache.fop.events.LoggingEventListener processEvent
INFO: Rendered page #40.
Nov 14, 2020 5:20:48 PM org.apache.fop.events.LoggingEventListener processEvent
INFO: Rendered page #41.
Nov 14, 2020 5:20:48 PM org.apache.fop.events.LoggingEventListener processEvent
INFO: Rendered page #42.
Nov 14, 2020 5:20:48 PM org.apache.fop.events.LoggingEventListener processEvent
INFO: Rendered page #43.
Nov 14, 2020 5:20:48 PM org.apache.fop.events.LoggingEventListener processEvent
INFO: Rendered page #44.
Nov 14, 2020 5:20:48 PM org.apache.fop.events.LoggingEventListener processEvent
INFO: Rendered page #45.
Nov 14, 2020 5:20:48 PM org.apache.fop.events.LoggingEventListener processEvent
INFO: Rendered page #46.
Nov 14, 2020 5:20:48 PM org.apache.fop.events.LoggingEventListener processEvent
INFO: Rendered page #47.
Nov 14, 2020 5:20:48 PM org.apache.fop.events.LoggingEventListener processEvent
INFO: Rendered page #48.
Nov 14, 2020 5:20:48 PM org.apache.fop.events.LoggingEventListener processEvent
INFO: Rendered page #49.
Nov 14, 2020 5:20:48 PM org.apache.fop.events.LoggingEventListener processEvent
INFO: Rendered page #50.
Nov 14, 2020 5:20:48 PM org.apache.fop.events.LoggingEventListener processEvent
INFO: Rendered page #51.
Nov 14, 2020 5:20:48 PM org.apache.fop.events.LoggingEventListener processEvent
INFO: Rendered page #52.
Nov 14, 2020 5:20:48 PM org.apache.fop.events.LoggingEventListener processEvent
INFO: Rendered page #53.
Nov 14, 2020 5:20:49 PM org.apache.fop.events.LoggingEventListener processEvent
INFO: Rendered page #54.
Nov 14, 2020 5:20:49 PM org.apache.fop.events.LoggingEventListener processEvent
INFO: Rendered page #55.
Nov 14, 2020 5:20:49 PM org.apache.fop.events.LoggingEventListener processEvent
INFO: Rendered page #56.
Nov 14, 2020 5:20:49 PM org.apache.fop.events.LoggingEventListener processEvent
INFO: Rendered page #57.
Nov 14, 2020 5:20:49 PM org.apache.fop.events.LoggingEventListener processEvent
INFO: Rendered page #58.
Nov 14, 2020 5:20:49 PM org.apache.fop.events.LoggingEventListener processEvent
INFO: Rendered page #59.
Nov 14, 2020 5:20:49 PM org.apache.fop.events.LoggingEventListener processEvent
INFO: Rendered page #60.
Nov 14, 2020 5:20:49 PM org.apache.fop.events.LoggingEventListener processEvent
INFO: Rendered page #61.
Nov 14, 2020 5:20:49 PM org.apache.fop.events.LoggingEventListener processEvent
INFO: Rendered page #62.
Nov 14, 2020 5:20:49 PM org.apache.fop.events.LoggingEventListener processEvent
INFO: Rendered page #63.
Nov 14, 2020 5:20:49 PM org.apache.fop.events.LoggingEventListener processEvent
INFO: Rendered page #64.
Nov 14, 2020 5:20:49 PM org.apache.fop.events.LoggingEventListener processEvent
INFO: Rendered page #65.
Nov 14, 2020 5:20:49 PM org.apache.fop.events.LoggingEventListener processEvent
INFO: Rendered page #66.
Nov 14, 2020 5:20:49 PM org.apache.fop.events.LoggingEventListener processEvent
INFO: Rendered page #67.
Nov 14, 2020 5:20:49 PM org.apache.fop.events.LoggingEventListener processEvent
INFO: Rendered page #68.
Nov 14, 2020 5:20:49 PM org.apache.fop.events.LoggingEventListener processEvent
INFO: Rendered page #69.
Nov 14, 2020 5:20:49 PM org.apache.fop.events.LoggingEventListener processEvent
INFO: Rendered page #70.
Nov 14, 2020 5:20:49 PM org.apache.fop.events.LoggingEventListener processEvent
INFO: Rendered page #71.
Nov 14, 2020 5:20:49 PM org.apache.fop.events.LoggingEventListener processEvent
INFO: Rendered page #72.
Nov 14, 2020 5:20:49 PM org.apache.fop.events.LoggingEventListener processEvent
INFO: Rendered page #73.
Nov 14, 2020 5:20:49 PM org.apache.fop.events.LoggingEventListener processEvent
INFO: Rendered page #74.
Nov 14, 2020 5:20:49 PM org.apache.fop.events.LoggingEventListener processEvent
INFO: Rendered page #75.
Nov 14, 2020 5:20:49 PM org.apache.fop.events.LoggingEventListener processEvent
INFO: Rendered page #76.
Nov 14, 2020 5:20:49 PM org.apache.fop.events.LoggingEventListener processEvent
INFO: Rendered page #77.
Nov 14, 2020 5:20:49 PM org.apache.fop.events.LoggingEventListener processEvent
INFO: Rendered page #78.
Nov 14, 2020 5:20:49 PM org.apache.fop.events.LoggingEventListener processEvent
INFO: Rendered page #79.
Nov 14, 2020 5:20:49 PM org.apache.fop.events.LoggingEventListener processEvent
INFO: Rendered page #80.
Nov 14, 2020 5:20:49 PM org.apache.fop.events.LoggingEventListener processEvent
INFO: Rendered page #81.
Nov 14, 2020 5:20:49 PM org.apache.fop.events.LoggingEventListener processEvent
INFO: Rendered page #82.
Nov 14, 2020 5:20:49 PM org.apache.fop.events.LoggingEventListener processEvent
INFO: Rendered page #83.
Nov 14, 2020 5:20:49 PM org.apache.fop.events.LoggingEventListener processEvent
INFO: Rendered page #84.
Nov 14, 2020 5:20:49 PM org.apache.fop.events.LoggingEventListener processEvent
INFO: Rendered page #85.
Nov 14, 2020 5:20:49 PM org.apache.fop.events.LoggingEventListener processEvent
INFO: Rendered page #86.
Nov 14, 2020 5:20:49 PM org.apache.fop.events.LoggingEventListener processEvent
INFO: Rendered page #87.
Nov 14, 2020 5:20:49 PM org.apache.fop.events.LoggingEventListener processEvent
INFO: Rendered page #88.
Nov 14, 2020 5:20:49 PM org.apache.fop.events.LoggingEventListener processEvent
INFO: Rendered page #89.
Nov 14, 2020 5:20:50 PM org.apache.fop.events.LoggingEventListener processEvent
INFO: Rendered page #90.
Nov 14, 2020 5:20:50 PM org.apache.fop.events.LoggingEventListener processEvent
INFO: Rendered page #91.
Nov 14, 2020 5:20:50 PM org.apache.fop.events.LoggingEventListener processEvent
INFO: Rendered page #92.
Nov 14, 2020 5:20:50 PM org.apache.fop.events.LoggingEventListener processEvent
INFO: Rendered page #93.
Nov 14, 2020 5:20:50 PM org.apache.fop.events.LoggingEventListener processEvent
INFO: Rendered page #94.
Nov 14, 2020 5:20:50 PM org.apache.fop.events.LoggingEventListener processEvent
INFO: Rendered page #95.
Nov 14, 2020 5:20:50 PM org.apache.fop.events.LoggingEventListener processEvent
INFO: Rendered page #96.
Nov 14, 2020 5:20:50 PM org.apache.fop.events.LoggingEventListener processEvent
INFO: Rendered page #97.
Nov 14, 2020 5:20:50 PM org.apache.fop.events.LoggingEventListener processEvent
INFO: Rendered page #98.
Nov 14, 2020 5:20:50 PM org.apache.fop.events.LoggingEventListener processEvent
INFO: Rendered page #99.
Nov 14, 2020 5:20:50 PM org.apache.fop.events.LoggingEventListener processEvent
INFO: Rendered page #100.
Nov 14, 2020 5:20:50 PM org.apache.fop.events.LoggingEventListener processEvent
INFO: Rendered page #101.
Nov 14, 2020 5:20:50 PM org.apache.fop.events.LoggingEventListener processEvent
INFO: Rendered page #102.
Nov 14, 2020 5:20:50 PM org.apache.fop.events.LoggingEventListener processEvent
INFO: Rendered page #103.
Nov 14, 2020 5:20:50 PM org.apache.fop.events.LoggingEventListener processEvent
INFO: Rendered page #104.
Nov 14, 2020 5:20:50 PM org.apache.fop.events.LoggingEventListener processEvent
INFO: Rendered page #105.
Nov 14, 2020 5:20:50 PM org.apache.fop.events.LoggingEventListener processEvent
INFO: Rendered page #106.
Nov 14, 2020 5:20:50 PM org.apache.fop.events.LoggingEventListener processEvent
INFO: Rendered page #107.
Nov 14, 2020 5:20:50 PM org.apache.fop.events.LoggingEventListener processEvent
INFO: Rendered page #108.
Nov 14, 2020 5:20:50 PM org.apache.fop.events.LoggingEventListener processEvent
WARNING: The contents of fo:inline line 1 exceed the available area in the inline-progression direction by 528 millipoints. (See position 1221:6631)
Nov 14, 2020 5:20:50 PM org.apache.fop.events.LoggingEventListener processEvent
INFO: Rendered page #109.
Nov 14, 2020 5:20:50 PM org.apache.fop.events.LoggingEventListener processEvent
INFO: Rendered page #110.
Nov 14, 2020 5:20:50 PM org.apache.fop.events.LoggingEventListener processEvent
INFO: Rendered page #111.
Nov 14, 2020 5:20:50 PM org.apache.fop.events.LoggingEventListener processEvent
INFO: Rendered page #112.
Nov 14, 2020 5:20:50 PM org.apache.fop.events.LoggingEventListener processEvent
INFO: Rendered page #113.
Nov 14, 2020 5:20:50 PM org.apache.fop.events.LoggingEventListener processEvent
INFO: Rendered page #114.
Nov 14, 2020 5:20:50 PM org.apache.fop.events.LoggingEventListener processEvent
INFO: Rendered page #115.
Nov 14, 2020 5:20:50 PM org.apache.fop.events.LoggingEventListener processEvent
INFO: Rendered page #116.
Nov 14, 2020 5:20:50 PM org.apache.fop.events.LoggingEventListener processEvent
INFO: Rendered page #117.
Nov 14, 2020 5:20:50 PM org.apache.fop.events.LoggingEventListener processEvent
INFO: Rendered page #118.
Nov 14, 2020 5:20:50 PM org.apache.fop.events.LoggingEventListener processEvent
INFO: Rendered page #119.
Nov 14, 2020 5:20:50 PM org.apache.fop.events.LoggingEventListener processEvent
INFO: Rendered page #120.
Nov 14, 2020 5:20:50 PM org.apache.fop.events.LoggingEventListener processEvent
INFO: Rendered page #121.
Nov 14, 2020 5:20:50 PM org.apache.fop.events.LoggingEventListener processEvent
INFO: Rendered page #122.
Nov 14, 2020 5:20:50 PM org.apache.fop.events.LoggingEventListener processEvent
INFO: Rendered page #123.
Nov 14, 2020 5:20:50 PM org.apache.fop.events.LoggingEventListener processEvent
INFO: Rendered page #124.
Nov 14, 2020 5:20:50 PM org.apache.fop.events.LoggingEventListener processEvent
INFO: Rendered page #125.
Nov 14, 2020 5:20:50 PM org.apache.fop.events.LoggingEventListener processEvent
INFO: Rendered page #126.
Nov 14, 2020 5:20:50 PM org.apache.fop.events.LoggingEventListener processEvent
INFO: Rendered page #127.
Nov 14, 2020 5:20:50 PM org.apache.fop.events.LoggingEventListener processEvent
INFO: Rendered page #128.
Nov 14, 2020 5:20:50 PM org.apache.fop.events.LoggingEventListener processEvent
INFO: Rendered page #129.
Nov 14, 2020 5:20:50 PM org.apache.fop.events.LoggingEventListener processEvent
INFO: Rendered page #130.
Nov 14, 2020 5:20:50 PM org.apache.fop.events.LoggingEventListener processEvent
INFO: Rendered page #131.
Nov 14, 2020 5:20:50 PM org.apache.fop.events.LoggingEventListener processEvent
INFO: Rendered page #132.
Nov 14, 2020 5:20:50 PM org.apache.fop.events.LoggingEventListener processEvent
INFO: Rendered page #133.
Nov 14, 2020 5:20:50 PM org.apache.fop.events.LoggingEventListener processEvent
INFO: Rendered page #134.
Nov 14, 2020 5:20:50 PM org.apache.fop.events.LoggingEventListener processEvent
INFO: Rendered page #135.
Nov 14, 2020 5:20:50 PM org.apache.fop.events.LoggingEventListener processEvent
INFO: Rendered page #136.
Nov 14, 2020 5:20:50 PM org.apache.fop.events.LoggingEventListener processEvent
INFO: Rendered page #137.
Nov 14, 2020 5:20:50 PM org.apache.fop.events.LoggingEventListener processEvent
INFO: Rendered page #138.
Nov 14, 2020 5:20:50 PM org.apache.fop.events.LoggingEventListener processEvent
INFO: Rendered page #139.
Nov 14, 2020 5:20:50 PM org.apache.fop.events.LoggingEventListener processEvent
INFO: Rendered page #140.
Nov 14, 2020 5:20:50 PM org.apache.fop.events.LoggingEventListener processEvent
INFO: Rendered page #141.
Nov 14, 2020 5:20:50 PM org.apache.fop.events.LoggingEventListener processEvent
INFO: Rendered page #142.
Nov 14, 2020 5:20:50 PM org.apache.fop.events.LoggingEventListener processEvent
INFO: Rendered page #143.
Nov 14, 2020 5:20:50 PM org.apache.fop.events.LoggingEventListener processEvent
INFO: Rendered page #144.
Nov 14, 2020 5:20:50 PM org.apache.fop.events.LoggingEventListener processEvent
INFO: Rendered page #145.
Nov 14, 2020 5:20:50 PM org.apache.fop.events.LoggingEventListener processEvent
INFO: Rendered page #146.
Nov 14, 2020 5:20:50 PM org.apache.fop.events.LoggingEventListener processEvent
INFO: Rendered page #147.
Nov 14, 2020 5:20:50 PM org.apache.fop.events.LoggingEventListener processEvent
INFO: Rendered page #148.
Nov 14, 2020 5:20:50 PM org.apache.fop.events.LoggingEventListener processEvent
INFO: Rendered page #149.
Nov 14, 2020 5:20:50 PM org.apache.fop.events.LoggingEventListener processEvent
INFO: Rendered page #150.
Nov 14, 2020 5:20:50 PM org.apache.fop.events.LoggingEventListener processEvent
INFO: Rendered page #151.
Nov 14, 2020 5:20:50 PM org.apache.fop.events.LoggingEventListener processEvent
INFO: Rendered page #152.
Nov 14, 2020 5:20:50 PM org.apache.fop.events.LoggingEventListener processEvent
INFO: Rendered page #153.
Nov 14, 2020 5:20:50 PM org.apache.fop.events.LoggingEventListener processEvent
INFO: Rendered page #154.
Nov 14, 2020 5:20:50 PM org.apache.fop.events.LoggingEventListener processEvent
INFO: Rendered page #155.
Nov 14, 2020 5:20:50 PM org.apache.fop.events.LoggingEventListener processEvent
INFO: Rendered page #156.
Nov 14, 2020 5:20:50 PM org.apache.fop.events.LoggingEventListener processEvent
INFO: Rendered page #157.
Nov 14, 2020 5:20:50 PM org.apache.fop.events.LoggingEventListener processEvent
INFO: Rendered page #158.
Nov 14, 2020 5:20:50 PM org.apache.fop.events.LoggingEventListener processEvent
INFO: Rendered page #159.
Nov 14, 2020 5:20:50 PM org.apache.fop.events.LoggingEventListener processEvent
INFO: Rendered page #160.
Nov 14, 2020 5:20:50 PM org.apache.fop.events.LoggingEventListener processEvent
INFO: Rendered page #161.
Nov 14, 2020 5:20:50 PM org.apache.fop.events.LoggingEventListener processEvent
INFO: Rendered page #162.
Nov 14, 2020 5:20:50 PM org.apache.fop.events.LoggingEventListener processEvent
INFO: Rendered page #163.
Nov 14, 2020 5:20:50 PM org.apache.fop.events.LoggingEventListener processEvent
INFO: Rendered page #164.
Nov 14, 2020 5:20:50 PM org.apache.fop.events.LoggingEventListener processEvent
INFO: Rendered page #165.
Nov 14, 2020 5:20:50 PM org.apache.fop.events.LoggingEventListener processEvent
INFO: Rendered page #166.
Nov 14, 2020 5:20:50 PM org.apache.fop.events.LoggingEventListener processEvent
INFO: Rendered page #167.
Nov 14, 2020 5:20:50 PM org.apache.fop.events.LoggingEventListener processEvent
WARNING: The contents of fo:inline line 1 exceed the available area in the inline-progression direction by 288 millipoints. (See position 1454:3965)
Nov 14, 2020 5:20:50 PM org.apache.fop.events.LoggingEventListener processEvent
INFO: Rendered page #168.
Nov 14, 2020 5:20:50 PM org.apache.fop.events.LoggingEventListener processEvent
INFO: Rendered page #169.
Nov 14, 2020 5:20:50 PM org.apache.fop.events.LoggingEventListener processEvent
INFO: Rendered page #170.
Nov 14, 2020 5:20:50 PM org.apache.fop.events.LoggingEventListener processEvent
INFO: Rendered page #171.
Nov 14, 2020 5:20:50 PM org.apache.fop.events.LoggingEventListener processEvent
INFO: Rendered page #172.
Nov 14, 2020 5:20:50 PM org.apache.fop.events.LoggingEventListener processEvent
INFO: Rendered page #173.
Nov 14, 2020 5:20:50 PM org.apache.fop.events.LoggingEventListener processEvent
INFO: Rendered page #174.
Nov 14, 2020 5:20:50 PM org.apache.fop.events.LoggingEventListener processEvent
INFO: Rendered page #175.
Nov 14, 2020 5:20:50 PM org.apache.fop.events.LoggingEventListener processEvent
INFO: Rendered page #176.
Nov 14, 2020 5:20:50 PM org.apache.fop.events.LoggingEventListener processEvent
INFO: Rendered page #177.
Nov 14, 2020 5:20:50 PM org.apache.fop.events.LoggingEventListener processEvent
INFO: Rendered page #178.
Nov 14, 2020 5:20:50 PM org.apache.fop.events.LoggingEventListener processEvent
INFO: Rendered page #179.
Nov 14, 2020 5:20:50 PM org.apache.fop.events.LoggingEventListener processEvent
INFO: Rendered page #180.
Nov 14, 2020 5:20:50 PM org.apache.fop.events.LoggingEventListener processEvent
INFO: Rendered page #181.
Nov 14, 2020 5:20:50 PM org.apache.fop.events.LoggingEventListener processEvent
INFO: Rendered page #182.
Nov 14, 2020 5:20:50 PM org.apache.fop.events.LoggingEventListener processEvent
INFO: Rendered page #183.
Nov 14, 2020 5:20:50 PM org.apache.fop.events.LoggingEventListener processEvent
INFO: Rendered page #184.
Nov 14, 2020 5:20:50 PM org.apache.fop.events.LoggingEventListener processEvent
INFO: Rendered page #185.
Nov 14, 2020 5:20:50 PM org.apache.fop.events.LoggingEventListener processEvent
INFO: Rendered page #186.
Nov 14, 2020 5:20:51 PM org.apache.fop.events.LoggingEventListener processEvent
INFO: Rendered page #187.
Nov 14, 2020 5:20:51 PM org.apache.fop.events.LoggingEventListener processEvent
INFO: Rendered page #188.
Nov 14, 2020 5:20:51 PM org.apache.fop.events.LoggingEventListener processEvent
INFO: Rendered page #189.
Nov 14, 2020 5:20:51 PM org.apache.fop.events.LoggingEventListener processEvent
INFO: Rendered page #190.
Nov 14, 2020 5:20:51 PM org.apache.fop.events.LoggingEventListener processEvent
INFO: Rendered page #191.
Nov 14, 2020 5:20:51 PM org.apache.fop.events.LoggingEventListener processEvent
INFO: Rendered page #192.
Nov 14, 2020 5:20:51 PM org.apache.fop.events.LoggingEventListener processEvent
INFO: Rendered page #193.
Nov 14, 2020 5:20:51 PM org.apache.fop.events.LoggingEventListener processEvent
INFO: Rendered page #194.
Nov 14, 2020 5:20:51 PM org.apache.fop.events.LoggingEventListener processEvent
INFO: Rendered page #195.
Nov 14, 2020 5:20:51 PM org.apache.fop.events.LoggingEventListener processEvent
INFO: Rendered page #196.
Nov 14, 2020 5:20:51 PM org.apache.fop.events.LoggingEventListener processEvent
INFO: Rendered page #197.
Nov 14, 2020 5:20:51 PM org.apache.fop.events.LoggingEventListener processEvent
WARNING: The contents of fo:inline line 1 exceed the available area in the inline-progression direction by 216 millipoints. (See position 1520:30979)
Nov 14, 2020 5:20:51 PM org.apache.fop.events.LoggingEventListener processEvent
INFO: Rendered page #198.
Nov 14, 2020 5:20:51 PM org.apache.fop.events.LoggingEventListener processEvent
INFO: Rendered page #199.
Nov 14, 2020 5:20:51 PM org.apache.fop.events.LoggingEventListener processEvent
INFO: Rendered page #200.
Nov 14, 2020 5:20:51 PM org.apache.fop.events.LoggingEventListener processEvent
INFO: Rendered page #201.
Nov 14, 2020 5:20:51 PM org.apache.fop.events.LoggingEventListener processEvent
WARNING: The contents of fo:block line 1 exceed the available area in the inline-progression direction by 960 millipoints. (See position 1530:13113)
Nov 14, 2020 5:20:51 PM org.apache.fop.events.LoggingEventListener processEvent
WARNING: The contents of fo:block line 1 exceed the available area in the inline-progression direction by 960 millipoints. (See position 1530:14259)
Nov 14, 2020 5:20:51 PM org.apache.fop.events.LoggingEventListener processEvent
WARNING: The contents of fo:block line 1 exceed the available area in the inline-progression direction by 636 millipoints. (See position 1530:26878)
Nov 14, 2020 5:20:51 PM org.apache.fop.events.LoggingEventListener processEvent
INFO: Rendered page #202.
Nov 14, 2020 5:20:51 PM org.apache.fop.events.LoggingEventListener processEvent
INFO: Rendered page #203.
Nov 14, 2020 5:20:51 PM org.apache.fop.events.LoggingEventListener processEvent
INFO: Rendered page #204.
Nov 14, 2020 5:20:51 PM org.apache.fop.events.LoggingEventListener processEvent
INFO: Rendered page #205.
Nov 14, 2020 5:20:51 PM org.apache.fop.events.LoggingEventListener processEvent
INFO: Rendered page #206.
Nov 14, 2020 5:20:51 PM org.apache.fop.events.LoggingEventListener processEvent
INFO: Rendered page #207.
Nov 14, 2020 5:20:51 PM org.apache.fop.events.LoggingEventListener processEvent
INFO: Rendered page #208.
Nov 14, 2020 5:20:51 PM org.apache.fop.events.LoggingEventListener processEvent
INFO: Rendered page #209.
Nov 14, 2020 5:20:51 PM org.apache.fop.events.LoggingEventListener processEvent
INFO: Rendered page #210.
Nov 14, 2020 5:20:51 PM org.apache.fop.events.LoggingEventListener processEvent
INFO: Rendered page #211.
Nov 14, 2020 5:20:51 PM org.apache.fop.events.LoggingEventListener processEvent
INFO: Rendered page #212.
Nov 14, 2020 5:20:51 PM org.apache.fop.events.LoggingEventListener processEvent
INFO: Rendered page #213.
Nov 14, 2020 5:20:51 PM org.apache.fop.events.LoggingEventListener processEvent
INFO: Rendered page #214.
Nov 14, 2020 5:20:51 PM org.apache.fop.events.LoggingEventListener processEvent
INFO: Rendered page #215.
Nov 14, 2020 5:20:51 PM org.apache.fop.events.LoggingEventListener processEvent
INFO: Rendered page #216.
Nov 14, 2020 5:20:51 PM org.apache.fop.events.LoggingEventListener processEvent
INFO: Rendered page #217.
Nov 14, 2020 5:20:51 PM org.apache.fop.events.LoggingEventListener processEvent
INFO: Rendered page #218.
Nov 14, 2020 5:20:51 PM org.apache.fop.events.LoggingEventListener processEvent
INFO: Rendered page #219.
Nov 14, 2020 5:20:51 PM org.apache.fop.events.LoggingEventListener processEvent
INFO: Rendered page #220.
Nov 14, 2020 5:20:51 PM org.apache.fop.events.LoggingEventListener processEvent
INFO: Rendered page #221.
Nov 14, 2020 5:20:51 PM org.apache.fop.events.LoggingEventListener processEvent
INFO: Rendered page #222.
Nov 14, 2020 5:20:51 PM org.apache.fop.events.LoggingEventListener processEvent
INFO: Rendered page #223.
Nov 14, 2020 5:20:51 PM org.apache.fop.events.LoggingEventListener processEvent
INFO: Rendered page #224.
Nov 14, 2020 5:20:51 PM org.apache.fop.events.LoggingEventListener processEvent
INFO: Rendered page #225.
Nov 14, 2020 5:20:51 PM org.apache.fop.events.LoggingEventListener processEvent
INFO: Rendered page #226.
Nov 14, 2020 5:20:51 PM org.apache.fop.events.LoggingEventListener processEvent
INFO: Rendered page #227.
Nov 14, 2020 5:20:51 PM org.apache.fop.events.LoggingEventListener processEvent
INFO: Rendered page #228.
Nov 14, 2020 5:20:51 PM org.apache.fop.events.LoggingEventListener processEvent
INFO: Rendered page #229.
Nov 14, 2020 5:20:51 PM org.apache.fop.events.LoggingEventListener processEvent
INFO: Rendered page #230.
Nov 14, 2020 5:20:51 PM org.apache.fop.events.LoggingEventListener processEvent
INFO: Rendered page #231.
Nov 14, 2020 5:20:51 PM org.apache.fop.events.LoggingEventListener processEvent
INFO: Rendered page #232.
Nov 14, 2020 5:20:51 PM org.apache.fop.events.LoggingEventListener processEvent
INFO: Rendered page #233.
Nov 14, 2020 5:20:51 PM org.apache.fop.events.LoggingEventListener processEvent
INFO: Rendered page #234.
Nov 14, 2020 5:20:51 PM org.apache.fop.events.LoggingEventListener processEvent
INFO: Rendered page #235.
Nov 14, 2020 5:20:51 PM org.apache.fop.events.LoggingEventListener processEvent
INFO: Rendered page #236.
Nov 14, 2020 5:20:51 PM org.apache.fop.events.LoggingEventListener processEvent
INFO: Rendered page #237.
Nov 14, 2020 5:20:51 PM org.apache.fop.events.LoggingEventListener processEvent
INFO: Rendered page #238.
Nov 14, 2020 5:20:51 PM org.apache.fop.events.LoggingEventListener processEvent
INFO: Rendered page #239.
Nov 14, 2020 5:20:51 PM org.apache.fop.events.LoggingEventListener processEvent
INFO: Rendered page #240.
Nov 14, 2020 5:20:51 PM org.apache.fop.events.LoggingEventListener processEvent
INFO: Rendered page #241.
Nov 14, 2020 5:20:51 PM org.apache.fop.events.LoggingEventListener processEvent
INFO: Rendered page #242.
Nov 14, 2020 5:20:51 PM org.apache.fop.events.LoggingEventListener processEvent
INFO: Rendered page #243.
Nov 14, 2020 5:20:51 PM org.apache.fop.events.LoggingEventListener processEvent
INFO: Rendered page #244.
Nov 14, 2020 5:20:51 PM org.apache.fop.events.LoggingEventListener processEvent
INFO: Rendered page #245.
Nov 14, 2020 5:20:51 PM org.apache.fop.events.LoggingEventListener processEvent
INFO: Rendered page #246.
Nov 14, 2020 5:20:51 PM org.apache.fop.events.LoggingEventListener processEvent
INFO: Rendered page #247.
Nov 14, 2020 5:20:51 PM org.apache.fop.events.LoggingEventListener processEvent
INFO: Rendered page #248.
Nov 14, 2020 5:20:51 PM org.apache.fop.events.LoggingEventListener processEvent
INFO: Rendered page #249.
Nov 14, 2020 5:20:51 PM org.apache.fop.events.LoggingEventListener processEvent
INFO: Rendered page #250.
Nov 14, 2020 5:20:51 PM org.apache.fop.events.LoggingEventListener processEvent
INFO: Rendered page #251.
Nov 14, 2020 5:20:51 PM org.apache.fop.events.LoggingEventListener processEvent
INFO: Rendered page #252.
Nov 14, 2020 5:20:51 PM org.apache.fop.events.LoggingEventListener processEvent
INFO: Rendered page #253.
Nov 14, 2020 5:20:51 PM org.apache.fop.events.LoggingEventListener processEvent
INFO: Rendered page #254.
Nov 14, 2020 5:20:51 PM org.apache.fop.events.LoggingEventListener processEvent
INFO: Rendered page #255.
Nov 14, 2020 5:20:51 PM org.apache.fop.events.LoggingEventListener processEvent
INFO: Rendered page #256.
Nov 14, 2020 5:20:51 PM org.apache.fop.events.LoggingEventListener processEvent
INFO: Rendered page #257.
Nov 14, 2020 5:20:51 PM org.apache.fop.events.LoggingEventListener processEvent
INFO: Rendered page #258.
Nov 14, 2020 5:20:51 PM org.apache.fop.events.LoggingEventListener processEvent
INFO: Rendered page #259.
Nov 14, 2020 5:20:51 PM org.apache.fop.events.LoggingEventListener processEvent
INFO: Rendered page #260.
Nov 14, 2020 5:20:51 PM org.apache.fop.events.LoggingEventListener processEvent
WARNING: The contents of fo:block line 1 exceed the available area in the inline-progression direction by 37856 millipoints. (See position 2010:8681)
Nov 14, 2020 5:20:51 PM org.apache.fop.events.LoggingEventListener processEvent
INFO: Rendered page #261.
Nov 14, 2020 5:20:51 PM org.apache.fop.events.LoggingEventListener processEvent
INFO: Rendered page #262.
Nov 14, 2020 5:20:51 PM org.apache.fop.events.LoggingEventListener processEvent
INFO: Rendered page #263.
Nov 14, 2020 5:20:52 PM org.apache.fop.events.LoggingEventListener processEvent
INFO: Rendered page #264.
Nov 14, 2020 5:20:52 PM org.apache.fop.events.LoggingEventListener processEvent
INFO: Rendered page #265.
Nov 14, 2020 5:20:52 PM org.apache.fop.events.LoggingEventListener processEvent
INFO: Rendered page #266.
Nov 14, 2020 5:20:52 PM org.apache.fop.events.LoggingEventListener processEvent
INFO: Rendered page #267.
Nov 14, 2020 5:20:52 PM org.apache.fop.events.LoggingEventListener processEvent
INFO: Rendered page #268.
Nov 14, 2020 5:20:52 PM org.apache.fop.events.LoggingEventListener processEvent
INFO: Rendered page #269.
Nov 14, 2020 5:20:52 PM org.apache.fop.events.LoggingEventListener processEvent
INFO: Rendered page #270.
Nov 14, 2020 5:20:52 PM org.apache.fop.events.LoggingEventListener processEvent
INFO: Rendered page #271.
Nov 14, 2020 5:20:52 PM org.apache.fop.events.LoggingEventListener processEvent
INFO: Rendered page #272.
Nov 14, 2020 5:20:52 PM org.apache.fop.events.LoggingEventListener processEvent
INFO: Rendered page #273.
Nov 14, 2020 5:20:52 PM org.apache.fop.events.LoggingEventListener processEvent
INFO: Rendered page #274.
Nov 14, 2020 5:20:52 PM org.apache.fop.events.LoggingEventListener processEvent
INFO: Rendered page #275.
Nov 14, 2020 5:20:52 PM org.apache.fop.events.LoggingEventListener processEvent
INFO: Rendered page #276.
Nov 14, 2020 5:20:52 PM org.apache.fop.events.LoggingEventListener processEvent
INFO: Rendered page #277.
Nov 14, 2020 5:20:52 PM org.apache.fop.events.LoggingEventListener processEvent
INFO: Rendered page #278.
Nov 14, 2020 5:20:52 PM org.apache.fop.events.LoggingEventListener processEvent
INFO: Rendered page #279.
Nov 14, 2020 5:20:52 PM org.apache.fop.events.LoggingEventListener processEvent
INFO: Rendered page #280.
Nov 14, 2020 5:20:52 PM org.apache.fop.events.LoggingEventListener processEvent
INFO: Rendered page #281.
Nov 14, 2020 5:20:52 PM org.apache.fop.events.LoggingEventListener processEvent
INFO: Rendered page #282.
Nov 14, 2020 5:20:52 PM org.apache.fop.events.LoggingEventListener processEvent
INFO: Rendered page #283.
Nov 14, 2020 5:20:52 PM org.apache.fop.events.LoggingEventListener processEvent
INFO: Rendered page #284.
Nov 14, 2020 5:20:52 PM org.apache.fop.events.LoggingEventListener processEvent
INFO: Rendered page #285.
Nov 14, 2020 5:20:52 PM org.apache.fop.events.LoggingEventListener processEvent
INFO: Rendered page #286.
Nov 14, 2020 5:20:52 PM org.apache.fop.events.LoggingEventListener processEvent
INFO: Rendered page #287.
Nov 14, 2020 5:20:52 PM org.apache.fop.events.LoggingEventListener processEvent
INFO: Rendered page #288.
Nov 14, 2020 5:20:52 PM org.apache.fop.events.LoggingEventListener processEvent
INFO: Rendered page #289.
Nov 14, 2020 5:20:52 PM org.apache.fop.events.LoggingEventListener processEvent
INFO: Rendered page #290.
Nov 14, 2020 5:20:52 PM org.apache.fop.events.LoggingEventListener processEvent
INFO: Rendered page #291.
Nov 14, 2020 5:20:52 PM org.apache.fop.events.LoggingEventListener processEvent
INFO: Rendered page #292.
Nov 14, 2020 5:20:52 PM org.apache.fop.events.LoggingEventListener processEvent
INFO: Rendered page #293.
Nov 14, 2020 5:20:52 PM org.apache.fop.events.LoggingEventListener processEvent
INFO: Rendered page #294.
Nov 14, 2020 5:20:52 PM org.apache.fop.events.LoggingEventListener processEvent
INFO: Rendered page #295.
Nov 14, 2020 5:20:52 PM org.apache.fop.events.LoggingEventListener processEvent
INFO: Rendered page #296.
Nov 14, 2020 5:20:52 PM org.apache.fop.events.LoggingEventListener processEvent
INFO: Rendered page #297.
Nov 14, 2020 5:20:52 PM org.apache.fop.events.LoggingEventListener processEvent
INFO: Rendered page #298.
Nov 14, 2020 5:20:52 PM org.apache.fop.events.LoggingEventListener processEvent
INFO: Rendered page #299.
Nov 14, 2020 5:20:52 PM org.apache.fop.events.LoggingEventListener processEvent
INFO: Rendered page #300.
Nov 14, 2020 5:20:52 PM org.apache.fop.events.LoggingEventListener processEvent
INFO: Rendered page #301.
Nov 14, 2020 5:20:52 PM org.apache.fop.events.LoggingEventListener processEvent
INFO: Rendered page #302.
Nov 14, 2020 5:20:52 PM org.apache.fop.events.LoggingEventListener processEvent
INFO: Rendered page #303.
Nov 14, 2020 5:20:52 PM org.apache.fop.events.LoggingEventListener processEvent
INFO: Rendered page #304.
Nov 14, 2020 5:20:52 PM org.apache.fop.events.LoggingEventListener processEvent
INFO: Rendered page #305.
Nov 14, 2020 5:20:52 PM org.apache.fop.events.LoggingEventListener processEvent
INFO: Rendered page #306.
Nov 14, 2020 5:20:52 PM org.apache.fop.events.LoggingEventListener processEvent
INFO: Rendered page #307.
Nov 14, 2020 5:20:52 PM org.apache.fop.events.LoggingEventListener processEvent
INFO: Rendered page #308.
Nov 14, 2020 5:20:52 PM org.apache.fop.events.LoggingEventListener processEvent
INFO: Rendered page #309.
Nov 14, 2020 5:20:52 PM org.apache.fop.events.LoggingEventListener processEvent
INFO: Rendered page #310.
Nov 14, 2020 5:20:52 PM org.apache.fop.events.LoggingEventListener processEvent
INFO: Rendered page #311.
Nov 14, 2020 5:20:52 PM org.apache.fop.events.LoggingEventListener processEvent
INFO: Rendered page #312.
Nov 14, 2020 5:20:52 PM org.apache.fop.events.LoggingEventListener processEvent
INFO: Rendered page #313.
Nov 14, 2020 5:20:52 PM org.apache.fop.events.LoggingEventListener processEvent
INFO: Rendered page #314.
Nov 14, 2020 5:20:52 PM org.apache.fop.events.LoggingEventListener processEvent
INFO: Rendered page #315.
Nov 14, 2020 5:20:52 PM org.apache.fop.events.LoggingEventListener processEvent
INFO: Rendered page #316.
Nov 14, 2020 5:20:52 PM org.apache.fop.events.LoggingEventListener processEvent
INFO: Rendered page #317.
Nov 14, 2020 5:20:52 PM org.apache.fop.events.LoggingEventListener processEvent
INFO: Rendered page #318.
Nov 14, 2020 5:20:52 PM org.apache.fop.events.LoggingEventListener processEvent
INFO: Rendered page #319.
Nov 14, 2020 5:20:52 PM org.apache.fop.events.LoggingEventListener processEvent
INFO: Rendered page #320.
Nov 14, 2020 5:20:52 PM org.apache.fop.events.LoggingEventListener processEvent
INFO: Rendered page #321.
Nov 14, 2020 5:20:52 PM org.apache.fop.events.LoggingEventListener processEvent
INFO: Rendered page #322.
Nov 14, 2020 5:20:52 PM org.apache.fop.events.LoggingEventListener processEvent
INFO: Rendered page #323.
Nov 14, 2020 5:20:52 PM org.apache.fop.events.LoggingEventListener processEvent
INFO: Rendered page #324.
Nov 14, 2020 5:20:52 PM org.apache.fop.events.LoggingEventListener processEvent
INFO: Rendered page #325.
Nov 14, 2020 5:20:52 PM org.apache.fop.events.LoggingEventListener processEvent
INFO: Rendered page #326.
Nov 14, 2020 5:20:52 PM org.apache.fop.events.LoggingEventListener processEvent
INFO: Rendered page #327.
Nov 14, 2020 5:20:52 PM org.apache.fop.events.LoggingEventListener processEvent
INFO: Rendered page #328.
Nov 14, 2020 5:20:52 PM org.apache.fop.events.LoggingEventListener processEvent
INFO: Rendered page #329.
Nov 14, 2020 5:20:52 PM org.apache.fop.events.LoggingEventListener processEvent
INFO: Rendered page #330.
Nov 14, 2020 5:20:52 PM org.apache.fop.events.LoggingEventListener processEvent
INFO: Rendered page #331.
Nov 14, 2020 5:20:52 PM org.apache.fop.events.LoggingEventListener processEvent
INFO: Rendered page #332.
Nov 14, 2020 5:20:52 PM org.apache.fop.events.LoggingEventListener processEvent
INFO: Rendered page #333.
Nov 14, 2020 5:20:52 PM org.apache.fop.events.LoggingEventListener processEvent
INFO: Rendered page #334.
Nov 14, 2020 5:20:52 PM org.apache.fop.events.LoggingEventListener processEvent
INFO: Rendered page #335.
Nov 14, 2020 5:20:52 PM org.apache.fop.events.LoggingEventListener processEvent
INFO: Rendered page #336.
Nov 14, 2020 5:20:52 PM org.apache.fop.events.LoggingEventListener processEvent
INFO: Rendered page #337.
Nov 14, 2020 5:20:52 PM org.apache.fop.events.LoggingEventListener processEvent
INFO: Rendered page #338.
Nov 14, 2020 5:20:52 PM org.apache.fop.events.LoggingEventListener processEvent
INFO: Rendered page #339.
Nov 14, 2020 5:20:52 PM org.apache.fop.events.LoggingEventListener processEvent
INFO: Rendered page #340.
Nov 14, 2020 5:20:52 PM org.apache.fop.events.LoggingEventListener processEvent
INFO: Rendered page #341.
Nov 14, 2020 5:20:52 PM org.apache.fop.events.LoggingEventListener processEvent
INFO: Rendered page #342.
Nov 14, 2020 5:20:52 PM org.apache.fop.events.LoggingEventListener processEvent
INFO: Rendered page #343.
Nov 14, 2020 5:20:52 PM org.apache.fop.events.LoggingEventListener processEvent
INFO: Rendered page #344.
Nov 14, 2020 5:20:52 PM org.apache.fop.events.LoggingEventListener processEvent
INFO: Rendered page #345.
Nov 14, 2020 5:20:52 PM org.apache.fop.events.LoggingEventListener processEvent
INFO: Rendered page #346.
Nov 14, 2020 5:20:52 PM org.apache.fop.events.LoggingEventListener processEvent
INFO: Rendered page #347.
Nov 14, 2020 5:20:52 PM org.apache.fop.events.LoggingEventListener processEvent
INFO: Rendered page #348.
Nov 14, 2020 5:20:52 PM org.apache.fop.events.LoggingEventListener processEvent
INFO: Rendered page #349.
Nov 14, 2020 5:20:52 PM org.apache.fop.events.LoggingEventListener processEvent
INFO: Rendered page #350.
Nov 14, 2020 5:20:52 PM org.apache.fop.fo.properties.PropertyCache fetch
INFO: 10 hashCode() collisions for org.apache.fop.fo.properties.CommonBorderPaddingBackground$BorderInfo
Nov 14, 2020 5:20:52 PM org.apache.fop.fo.properties.PropertyCache fetch
INFO: 10 hashCode() collisions for org.apache.fop.fo.properties.CommonBorderPaddingBackground
Nov 14, 2020 5:20:52 PM org.apache.fop.events.LoggingEventListener processEvent
INFO: Rendered page #351.
Nov 14, 2020 5:20:52 PM org.apache.fop.events.LoggingEventListener processEvent
INFO: Rendered page #352.
Nov 14, 2020 5:20:52 PM org.apache.fop.events.LoggingEventListener processEvent
INFO: Rendered page #353.
Nov 14, 2020 5:20:52 PM org.apache.fop.events.LoggingEventListener processEvent
INFO: Rendered page #354.
Nov 14, 2020 5:20:52 PM org.apache.fop.events.LoggingEventListener processEvent
INFO: Rendered page #355.
Nov 14, 2020 5:20:52 PM org.apache.fop.events.LoggingEventListener processEvent
INFO: Rendered page #356.
Nov 14, 2020 5:20:52 PM org.apache.fop.events.LoggingEventListener processEvent
INFO: Rendered page #357.
Nov 14, 2020 5:20:52 PM org.apache.fop.events.LoggingEventListener processEvent
INFO: Rendered page #358.
Nov 14, 2020 5:20:52 PM org.apache.fop.events.LoggingEventListener processEvent
INFO: Rendered page #359.
Nov 14, 2020 5:20:52 PM org.apache.fop.events.LoggingEventListener processEvent
INFO: Rendered page #360.
Nov 14, 2020 5:20:52 PM org.apache.fop.events.LoggingEventListener processEvent
INFO: Rendered page #361.
Nov 14, 2020 5:20:52 PM org.apache.fop.events.LoggingEventListener processEvent
INFO: Rendered page #362.
Nov 14, 2020 5:20:52 PM org.apache.fop.events.LoggingEventListener processEvent
INFO: Rendered page #363.
Nov 14, 2020 5:20:52 PM org.apache.fop.events.LoggingEventListener processEvent
INFO: Rendered page #364.
Nov 14, 2020 5:20:52 PM org.apache.fop.events.LoggingEventListener processEvent
INFO: Rendered page #365.
Nov 14, 2020 5:20:52 PM org.apache.fop.events.LoggingEventListener processEvent
INFO: Rendered page #366.
Nov 14, 2020 5:20:52 PM org.apache.fop.events.LoggingEventListener processEvent
INFO: Rendered page #367.
Nov 14, 2020 5:20:52 PM org.apache.fop.events.LoggingEventListener processEvent
INFO: Rendered page #368.
Nov 14, 2020 5:20:52 PM org.apache.fop.events.LoggingEventListener processEvent
INFO: Rendered page #369.
